<?xml version='1.0'?>
<ns2:test-suite xmlns:ns2='urn:model.allure.qatools.yandex.ru' start='1666801623975' stop='1666801628915'>
    <name>Home Task for Module - 5</name>
    <title>Home Task for Module - 5</title>
    <test-cases>
        <test-case start='1666801623976' status='broken' stop='1666801627305'>
            <name>Scenario that cheked first appointment row </name>
            <title>Scenario that cheked first appointment row </title>
            <labels>
                <label name='language' value='javascript'/>
                <label name='framework' value='wdio'/>
                <label name='thread' value='0-0'/>
                <label name='language' value='javascript'/>
                <label name='framework' value='wdio'/>
                <label name='thread' value='0-0'/>
            </labels>
            <parameters>
                <parameter kind='argument' name='browser' value='chrome-107.0.5304.63'/>
                <parameter kind='argument' name='browser' value='chrome-107.0.5304.63'/>
            </parameters>
            <steps>
                <step start='1666801623979' status='passed' stop='1666801626629'>
                    <name>POST /session/:sessionId/url</name>
                    <title>POST /session/:sessionId/url</title>
                    <attachments>
                        <attachment title='Request' source='d0f698c7-8dab-4e42-badb-99767896d3bc-attachment.json' type='application/json' size='89'/>
                    </attachments>
                    <steps/>
                </step>
                <step start='1666801626644' status='passed' stop='1666801627299'>
                    <name>GET /session/:sessionId/screenshot</name>
                    <title>GET /session/:sessionId/screenshot</title>
                    <attachments>
                        <attachment title='Screenshot' source='b8cd867d-1eee-4199-89d2-0e78b9e4dc8d-attachment.png' type='image/png' size='163595'/>
                    </attachments>
                    <steps/>
                </step>
            </steps>
            <attachments/>
            <failure>
                <message>allureReporter is not defined</message>
                <stack-trace>ReferenceError: allureReporter is not defined
                    at Context.&lt;anonymous> (C:\Users\Stanislav_Nehrii\Desktop\js-atm-program\module-6\src\tests\/homeTask-6.spec.js:14:5)
                    at Context.executeAsync (C:\Users\Stanislav_Nehrii\Desktop\js-atm-program\node_modules\@wdio\mocha-framework\node_modules\@wdio\utils\build\shim.js:333:27)
                    at Context.testFrameworkFnWrapper (C:\Users\Stanislav_Nehrii\Desktop\js-atm-program\node_modules\@wdio\mocha-framework\node_modules\@wdio\utils\build\test-framework\testFnWrapper.js:51:32)
                    at processTicksAndRejections (node:internal/process/task_queues:96:5)</stack-trace>
            </failure>
        </test-case>
        <test-case start='1666801627306' status='broken' stop='1666801628914'>
            <name>Check all available doctors and custom metod waitAndClick()</name>
            <title>Check all available doctors and custom metod waitAndClick()</title>
            <labels>
                <label name='language' value='javascript'/>
                <label name='framework' value='wdio'/>
                <label name='thread' value='0-0'/>
                <label name='language' value='javascript'/>
                <label name='framework' value='wdio'/>
                <label name='thread' value='0-0'/>
            </labels>
            <parameters>
                <parameter kind='argument' name='browser' value='chrome-107.0.5304.63'/>
                <parameter kind='argument' name='browser' value='chrome-107.0.5304.63'/>
            </parameters>
            <steps>
                <step start='1666801627307' status='passed' stop='1666801628609'>
                    <name>POST /session/:sessionId/url</name>
                    <title>POST /session/:sessionId/url</title>
                    <attachments>
                        <attachment title='Request' source='a50ac2ca-1dd8-490b-a428-d234a4dc17a6-attachment.json' type='application/json' size='89'/>
                    </attachments>
                    <steps/>
                </step>
                <step start='1666801628613' status='passed' stop='1666801628911'>
                    <name>GET /session/:sessionId/screenshot</name>
                    <title>GET /session/:sessionId/screenshot</title>
                    <attachments>
                        <attachment title='Screenshot' source='2adb589b-39fe-4991-9947-3d4e965ccefc-attachment.png' type='image/png' size='161105'/>
                    </attachments>
                    <steps/>
                </step>
            </steps>
            <attachments/>
            <failure>
                <message>allureReporter is not defined</message>
                <stack-trace>ReferenceError: allureReporter is not defined
                    at Context.&lt;anonymous> (C:\Users\Stanislav_Nehrii\Desktop\js-atm-program\module-6\src\tests\/homeTask-6.spec.js:28:5)
                    at Context.executeAsync (C:\Users\Stanislav_Nehrii\Desktop\js-atm-program\node_modules\@wdio\mocha-framework\node_modules\@wdio\utils\build\shim.js:333:27)
                    at Context.testFrameworkFnWrapper (C:\Users\Stanislav_Nehrii\Desktop\js-atm-program\node_modules\@wdio\mocha-framework\node_modules\@wdio\utils\build\test-framework\testFnWrapper.js:51:32)
                    at processTicksAndRejections (node:internal/process/task_queues:96:5)</stack-trace>
            </failure>
        </test-case>
    </test-cases>
</ns2:test-suite>