<?xml version='1.0'?>
<ns2:test-suite xmlns:ns2='urn:model.allure.qatools.yandex.ru' start='1666801629085' stop='1666801632173'>
    <name>Home Task for Module - 5</name>
    <title>Home Task for Module - 5</title>
    <test-cases>
        <test-case start='1666801629087' status='broken' stop='1666801632006'>
            <name>Scenario that cheked first appointment row </name>
            <title>Scenario that cheked first appointment row </title>
            <labels>
                <label name='language' value='javascript'/>
                <label name='framework' value='wdio'/>
                <label name='thread' value='1-0'/>
                <label name='language' value='javascript'/>
                <label name='framework' value='wdio'/>
                <label name='thread' value='1-0'/>
            </labels>
            <parameters>
                <parameter kind='argument' name='browser' value='firefox-106.0.1'/>
                <parameter kind='argument' name='browser' value='firefox-106.0.1'/>
            </parameters>
            <steps>
                <step start='1666801629090' status='passed' stop='1666801631579'>
                    <name>POST /session/:sessionId/url</name>
                    <title>POST /session/:sessionId/url</title>
                    <attachments>
                        <attachment title='Request' source='c6e866e1-9322-4a7d-9555-caf79d651cc1-attachment.json' type='application/json' size='89'/>
                    </attachments>
                    <steps/>
                </step>
                <step start='1666801631601' status='passed' stop='1666801631995'>
                    <name>GET /session/:sessionId/screenshot</name>
                    <title>GET /session/:sessionId/screenshot</title>
                    <attachments>
                        <attachment title='Screenshot' source='3276e83d-97d4-4ddf-bf63-874ad32b6ee3-attachment.png' type='image/png' size='178436'/>
                    </attachments>
                    <steps/>
                </step>
            </steps>
            <attachments/>
            <failure>
                <message>allureReporter is not defined</message>
                <stack-trace>ReferenceError: allureReporter is not defined
                    at Context.&lt;anonymous> (C:\Users\Stanislav_Nehrii\Desktop\js-atm-program\module-6\src\tests\/homeTask-6.spec.js:14:5)
                    at Context.executeAsync (C:\Users\Stanislav_Nehrii\Desktop\js-atm-program\node_modules\@wdio\mocha-framework\node_modules\@wdio\utils\build\shim.js:333:27)
                    at Context.testFrameworkFnWrapper (C:\Users\Stanislav_Nehrii\Desktop\js-atm-program\node_modules\@wdio\mocha-framework\node_modules\@wdio\utils\build\test-framework\testFnWrapper.js:51:32)
                    at processTicksAndRejections (node:internal/process/task_queues:96:5)</stack-trace>
            </failure>
        </test-case>
        <test-case start='1666801632007' status='broken' stop='1666801632172'>
            <name>Check all available doctors and custom metod waitAndClick()</name>
            <title>Check all available doctors and custom metod waitAndClick()</title>
            <labels>
                <label name='language' value='javascript'/>
                <label name='framework' value='wdio'/>
                <label name='thread' value='1-0'/>
                <label name='language' value='javascript'/>
                <label name='framework' value='wdio'/>
                <label name='thread' value='1-0'/>
            </labels>
            <parameters>
                <parameter kind='argument' name='browser' value='firefox-106.0.1'/>
                <parameter kind='argument' name='browser' value='firefox-106.0.1'/>
            </parameters>
            <steps>
                <step start='1666801632008' status='passed' stop='1666801632018'>
                    <name>POST /session/:sessionId/url</name>
                    <title>POST /session/:sessionId/url</title>
                    <attachments>
                        <attachment title='Request' source='0e22aa3b-5c8f-4081-a8d0-2d99a2eadd5e-attachment.json' type='application/json' size='89'/>
                    </attachments>
                    <steps/>
                </step>
                <step start='1666801632021' status='passed' stop='1666801632170'>
                    <name>GET /session/:sessionId/screenshot</name>
                    <title>GET /session/:sessionId/screenshot</title>
                    <attachments>
                        <attachment title='Screenshot' source='de72f6b4-5e69-462c-ac6a-5322ee69ef6c-attachment.png' type='image/png' size='182385'/>
                    </attachments>
                    <steps/>
                </step>
            </steps>
            <attachments/>
            <failure>
                <message>allureReporter is not defined</message>
                <stack-trace>ReferenceError: allureReporter is not defined
                    at Context.&lt;anonymous> (C:\Users\Stanislav_Nehrii\Desktop\js-atm-program\module-6\src\tests\/homeTask-6.spec.js:28:5)
                    at Context.executeAsync (C:\Users\Stanislav_Nehrii\Desktop\js-atm-program\node_modules\@wdio\mocha-framework\node_modules\@wdio\utils\build\shim.js:333:27)
                    at Context.testFrameworkFnWrapper (C:\Users\Stanislav_Nehrii\Desktop\js-atm-program\node_modules\@wdio\mocha-framework\node_modules\@wdio\utils\build\test-framework\testFnWrapper.js:51:32)
                    at processTicksAndRejections (node:internal/process/task_queues:96:5)</stack-trace>
            </failure>
        </test-case>
    </test-cases>
</ns2:test-suite>